<?xml version="1.0" encoding="UTF-8"?>
<!-- Generated by org.testng.reporters.JUnitXMLReporter -->
<testsuite ignored="2" hostname="LAPTOP-HOME" failures="0" tests="1" name="Default test" time="5.34" errors="0" timestamp="2023-03-06T01:53:59 IST">
  <testcase classname="com.CMS.TestCases.HomePageTestCases" name="salesMenuValidation" time="1.146"/>
  <testcase classname="com.CMS.TestCases.HomePageTestCases" name="ginStockDataValidation" time="0.0">
    <ignored/>
  </testcase> <!-- ginStockDataValidation -->
  <testcase classname="com.CMS.TestCases.HomePageTestCases" name="serviceMenuValidation" time="0.0">
    <ignored/>
  </testcase> <!-- serviceMenuValidation -->
</testsuite> <!-- Default test -->
