<?xml version="1.0" encoding="UTF-8"?>
<!-- Generated by org.testng.reporters.JUnitXMLReporter -->
<testsuite ignored="1" hostname="LAPTOP-HOME" failures="0" tests="1" name="Default test" time="7.858" errors="0" timestamp="2023-03-14T20:09:15 IST">
  <testcase classname="com.CMS.TestCases.ServiceModuleTestCases" name="verifyNewPasswordField" time="3.378"/>
  <testcase classname="com.CMS.TestCases.ServiceModuleTestCases" name="validateChangePasswordFunction" time="0.0">
    <ignored/>
  </testcase> <!-- validateChangePasswordFunction -->
</testsuite> <!-- Default test -->
