<?xml version="1.0" encoding="UTF-8"?>
<!-- Generated by org.testng.reporters.JUnitXMLReporter -->
<testsuite ignored="2" hostname="LAPTOP-HOME" failures="0" tests="10" name="Test3" time="0.038" errors="0" timestamp="2023-02-17T00:20:10 IST">
  <testcase classname="com.CMS.TestCases.TC_LF_001" name="openLandingPage" time="0.0">
    <skipped/>
  </testcase> <!-- openLandingPage -->
  <testcase classname="com.CMS.TestCases.TC_LF_002" name="successfulLoginTest" time="0.0">
    <skipped/>
  </testcase> <!-- successfulLoginTest -->
  <testcase classname="com.CMS.TestCases.TC_LF_002" name="successfulLoginTest" time="0.0">
    <skipped/>
  </testcase> <!-- successfulLoginTest -->
  <testcase classname="com.CMS.TestCases.TC_LF_002" name="successfulLoginTest" time="0.0">
    <skipped/>
  </testcase> <!-- successfulLoginTest -->
  <testcase classname="com.CMS.TestCases.TC_LF_002" name="successfulLoginTest" time="0.0">
    <skipped/>
  </testcase> <!-- successfulLoginTest -->
  <testcase classname="com.CMS.TestCases.TC_LF_002" name="successfulLoginTest" time="0.001">
    <skipped/>
  </testcase> <!-- successfulLoginTest -->
  <testcase classname="com.CMS.TestCases.TC_LF_002" name="successfulLoginTest" time="0.0">
    <skipped/>
  </testcase> <!-- successfulLoginTest -->
  <testcase classname="com.CMS.TestCases.TC_LF_002" name="successfulLoginTest" time="0.0">
    <skipped/>
  </testcase> <!-- successfulLoginTest -->
  <testcase classname="com.CMS.TestCases.TC_LF_002" name="successfulLoginTest" time="0.0">
    <skipped/>
  </testcase> <!-- successfulLoginTest -->
  <testcase classname="com.CMS.TestCases.TC_LF_002" name="successfulLoginTest" time="0.0">
    <skipped/>
  </testcase> <!-- successfulLoginTest -->
  <testcase classname="com.CMS.TestCases.BaseTest" name="@BeforeSuite setup" time="0.0">
    <ignored/>
  </testcase> <!-- @BeforeSuite setup -->
  <testcase classname="com.CMS.TestCases.BaseTest" name="@AfterSuite tearDown" time="0.0">
    <ignored/>
  </testcase> <!-- @AfterSuite tearDown -->
</testsuite> <!-- Test3 -->
