<?xml version="1.0" encoding="UTF-8"?>
<!-- Generated by org.testng.reporters.JUnitXMLReporter -->
<testsuite ignored="2" hostname="LAPTOP-HOME" failures="0" tests="10" name="Test2" time="0.039" errors="0" timestamp="2023-02-17T00:20:10 IST">
  <testcase classname="com.CMS.TestCases.BaseTest" name="@BeforeSuite setup" time="0.016">
    <failure type="java.lang.NullPointerException" message="Cannot invoke &amp;quot;org.openqa.selenium.WebDriver.manage()&amp;quot; because &amp;quot;com.CMS.TestCases.BaseTest.driver&amp;quot; is null">
      <![CDATA[java.lang.NullPointerException: Cannot invoke "org.openqa.selenium.WebDriver.manage()" because "com.CMS.TestCases.BaseTest.driver" is null
at com.CMS.TestCases.BaseTest.setup(BaseTest.java:47)
... Removed 17 stack frames]]>
    </failure>
  </testcase> <!-- @BeforeSuite setup -->
  <testcase classname="com.CMS.TestCases.TC_LF_001" name="openLandingPage" time="0.0">
    <skipped/>
  </testcase> <!-- openLandingPage -->
  <testcase classname="com.CMS.TestCases.TC_LF_002" name="successfulLoginTest" time="0.0">
    <skipped/>
  </testcase> <!-- successfulLoginTest -->
  <testcase classname="com.CMS.TestCases.TC_LF_002" name="successfulLoginTest" time="0.0">
    <skipped/>
  </testcase> <!-- successfulLoginTest -->
  <testcase classname="com.CMS.TestCases.TC_LF_002" name="successfulLoginTest" time="0.0">
    <skipped/>
  </testcase> <!-- successfulLoginTest -->
  <testcase classname="com.CMS.TestCases.TC_LF_002" name="successfulLoginTest" time="0.0">
    <skipped/>
  </testcase> <!-- successfulLoginTest -->
  <testcase classname="com.CMS.TestCases.TC_LF_002" name="successfulLoginTest" time="0.0">
    <skipped/>
  </testcase> <!-- successfulLoginTest -->
  <testcase classname="com.CMS.TestCases.TC_LF_002" name="successfulLoginTest" time="0.0">
    <skipped/>
  </testcase> <!-- successfulLoginTest -->
  <testcase classname="com.CMS.TestCases.TC_LF_002" name="successfulLoginTest" time="0.0">
    <skipped/>
  </testcase> <!-- successfulLoginTest -->
  <testcase classname="com.CMS.TestCases.TC_LF_002" name="successfulLoginTest" time="0.0">
    <skipped/>
  </testcase> <!-- successfulLoginTest -->
  <testcase classname="com.CMS.TestCases.TC_LF_002" name="successfulLoginTest" time="0.0">
    <skipped/>
  </testcase> <!-- successfulLoginTest -->
  <testcase classname="com.CMS.TestCases.BaseTest" name="@BeforeSuite setup" time="0.0">
    <ignored/>
  </testcase> <!-- @BeforeSuite setup -->
  <testcase classname="com.CMS.TestCases.BaseTest" name="@AfterSuite tearDown" time="0.0">
    <ignored/>
  </testcase> <!-- @AfterSuite tearDown -->
</testsuite> <!-- Test2 -->
