<?xml version="1.0" encoding="UTF-8"?>
<!-- Generated by org.testng.reporters.JUnitXMLReporter -->
<testsuite ignored="0" hostname="LAPTOP-HOME" failures="1" tests="2" name="Test" time="6.059" errors="0" timestamp="2023-03-14T20:20:51 IST">
  <testcase classname="com.CMS.TestCases.ServiceModuleTestCases" name="validateChangePasswordFunction" time="1.512"/>
  <testcase classname="com.CMS.TestCases.ServiceModuleTestCases" name="verifyNewPasswordField" time="0.24">
    <failure type="java.lang.AssertionError" message="expected [true] but found [false]">
      <![CDATA[java.lang.AssertionError: expected [true] but found [false]
at com.CMS.PageObjects.ServiceModule.newPasswordFieldCheck(ServiceModule.java:78)
at com.CMS.TestCases.ServiceModuleTestCases.verifyNewPasswordField(ServiceModuleTestCases.java:48)
at java.base/java.util.ArrayList.forEach(ArrayList.java:1511)
... Removed 29 stack frames]]>
    </failure>
  </testcase> <!-- verifyNewPasswordField -->
</testsuite> <!-- Test -->
