<?xml version="1.0" encoding="UTF-8"?>
<!-- Generated by org.testng.reporters.JUnitXMLReporter -->
<testsuite ignored="0" hostname="LAPTOP-HOME" failures="0" tests="10" name="Test2" time="40.161" errors="0" timestamp="2023-02-17T00:52:28 IST">
  <testcase classname="com.CMS.TestCases.TC_LF_001" name="openLandingPage" time="0.0">
    <skipped/>
  </testcase> <!-- openLandingPage -->
  <testcase classname="com.CMS.TestCases.TC_LF_002" name="successfulLoginTest" time="0.0">
    <skipped/>
  </testcase> <!-- successfulLoginTest -->
  <testcase classname="com.CMS.TestCases.TC_LF_002" name="successfulLoginTest" time="0.0">
    <skipped/>
  </testcase> <!-- successfulLoginTest -->
  <testcase classname="com.CMS.TestCases.TC_LF_002" name="successfulLoginTest" time="0.0">
    <skipped/>
  </testcase> <!-- successfulLoginTest -->
  <testcase classname="com.CMS.TestCases.TC_LF_002" name="successfulLoginTest" time="0.0">
    <skipped/>
  </testcase> <!-- successfulLoginTest -->
  <testcase classname="com.CMS.TestCases.TC_LF_002" name="successfulLoginTest" time="0.0">
    <skipped/>
  </testcase> <!-- successfulLoginTest -->
  <testcase classname="com.CMS.TestCases.TC_LF_002" name="successfulLoginTest" time="0.0">
    <skipped/>
  </testcase> <!-- successfulLoginTest -->
  <testcase classname="com.CMS.TestCases.TC_LF_002" name="successfulLoginTest" time="0.0">
    <skipped/>
  </testcase> <!-- successfulLoginTest -->
  <testcase classname="com.CMS.TestCases.TC_LF_002" name="successfulLoginTest" time="0.0">
    <skipped/>
  </testcase> <!-- successfulLoginTest -->
  <testcase classname="com.CMS.TestCases.TC_LF_002" name="successfulLoginTest" time="0.0">
    <skipped/>
  </testcase> <!-- successfulLoginTest -->
</testsuite> <!-- Test2 -->
