<?xml version="1.0" encoding="UTF-8"?>
<!-- Generated by org.testng.reporters.JUnitXMLReporter -->
<testsuite ignored="0" hostname="LAPTOP-HOME" failures="0" tests="10" name="Test3" time="54.652" errors="0" timestamp="2023-02-24T08:22:36 IST">
  <testcase classname="com.CMS.TestCases.TC_LF_001" name="openLandingPage" time="11.779"/>
  <testcase classname="com.CMS.TestCases.TC_LF_001" name="successfulLoginTest" time="16.837"/>
  <testcase classname="com.CMS.TestCases.TC_LF_001" name="successfulLoginTest" time="1.791"/>
  <testcase classname="com.CMS.TestCases.TC_LF_001" name="successfulLoginTest" time="1.467"/>
  <testcase classname="com.CMS.TestCases.TC_LF_001" name="successfulLoginTest" time="2.531"/>
  <testcase classname="com.CMS.TestCases.TC_LF_001" name="successfulLoginTest" time="0.754"/>
  <testcase classname="com.CMS.TestCases.TC_LF_001" name="successfulLoginTest" time="1.809"/>
  <testcase classname="com.CMS.TestCases.TC_LF_001" name="successfulLoginTest" time="6.307"/>
  <testcase classname="com.CMS.TestCases.TC_LF_001" name="successfulLoginTest" time="6.687"/>
  <testcase classname="com.CMS.TestCases.TC_LF_001" name="successfulLoginTest" time="3.331"/>
</testsuite> <!-- Test3 -->
