<?xml version="1.0" encoding="UTF-8"?>
<!-- Generated by org.testng.reporters.JUnitXMLReporter -->
<testsuite ignored="0" hostname="LAPTOP-HOME" failures="0" tests="10" name="Test3" time="9.76" errors="0" timestamp="2023-02-17T00:52:38 IST">
  <testcase classname="com.CMS.TestCases.TC_LF_001" name="openLandingPage" time="0.556"/>
  <testcase classname="com.CMS.TestCases.TC_LF_002" name="successfulLoginTest" time="1.676"/>
  <testcase classname="com.CMS.TestCases.TC_LF_002" name="successfulLoginTest" time="0.453"/>
  <testcase classname="com.CMS.TestCases.TC_LF_002" name="successfulLoginTest" time="0.473"/>
  <testcase classname="com.CMS.TestCases.TC_LF_002" name="successfulLoginTest" time="0.467"/>
  <testcase classname="com.CMS.TestCases.TC_LF_002" name="successfulLoginTest" time="0.299"/>
  <testcase classname="com.CMS.TestCases.TC_LF_002" name="successfulLoginTest" time="0.463"/>
  <testcase classname="com.CMS.TestCases.TC_LF_002" name="successfulLoginTest" time="0.976"/>
  <testcase classname="com.CMS.TestCases.TC_LF_002" name="successfulLoginTest" time="1.194"/>
  <testcase classname="com.CMS.TestCases.TC_LF_002" name="successfulLoginTest" time="1.121"/>
</testsuite> <!-- Test3 -->
