<?xml version="1.0" encoding="UTF-8"?>
<!-- Generated by org.testng.reporters.JUnitXMLReporter -->
<testsuite ignored="0" hostname="LAPTOP-HOME" failures="0" tests="10" name="Test1" time="11.785" errors="0" timestamp="2023-02-17T00:51:48 IST">
  <testcase classname="com.CMS.TestCases.TC_LF_001" name="openLandingPage" time="0.537"/>
  <testcase classname="com.CMS.TestCases.TC_LF_002" name="successfulLoginTest" time="1.712"/>
  <testcase classname="com.CMS.TestCases.TC_LF_002" name="successfulLoginTest" time="0.498"/>
  <testcase classname="com.CMS.TestCases.TC_LF_002" name="successfulLoginTest" time="0.512"/>
  <testcase classname="com.CMS.TestCases.TC_LF_002" name="successfulLoginTest" time="0.506"/>
  <testcase classname="com.CMS.TestCases.TC_LF_002" name="successfulLoginTest" time="0.365"/>
  <testcase classname="com.CMS.TestCases.TC_LF_002" name="successfulLoginTest" time="0.516"/>
  <testcase classname="com.CMS.TestCases.TC_LF_002" name="successfulLoginTest" time="1.068"/>
  <testcase classname="com.CMS.TestCases.TC_LF_002" name="successfulLoginTest" time="1.046"/>
  <testcase classname="com.CMS.TestCases.TC_LF_002" name="successfulLoginTest" time="1.093"/>
</testsuite> <!-- Test1 -->
