<?xml version="1.0" encoding="UTF-8"?>
<testng-results ignored="0" total="0" passed="0" failed="0" skipped="0">
  <reporter-output>
  </reporter-output>
  <suite started-at="2023-02-14T19:56:13 IST" name="Surefire suite" finished-at="2023-02-14T19:56:13 IST" duration-ms="9">
    <groups>
    </groups>
    <test started-at="2023-02-14T19:56:13 IST" name="Surefire test" finished-at="2023-02-14T19:56:13 IST" duration-ms="9">
      <class name="com.CMS.TestCases.BaseTest">
        <test-method is-config="true" signature="setup()[pri:0, instance:com.CMS.TestCases.BaseTest@4cc8eb05]" started-at="2023-02-14T19:56:12 IST" name="setup" finished-at="2023-02-14T19:56:13 IST" duration-ms="1731" status="PASS">
          <reporter-output>
          </reporter-output>
        </test-method> <!-- setup -->
        <test-method is-config="true" signature="tearDown()[pri:0, instance:com.CMS.TestCases.BaseTest@4cc8eb05]" started-at="2023-02-14T19:56:13 IST" name="tearDown" finished-at="2023-02-14T19:56:13 IST" duration-ms="183" status="PASS">
          <reporter-output>
          </reporter-output>
        </test-method> <!-- tearDown -->
      </class> <!-- com.CMS.TestCases.BaseTest -->
    </test> <!-- Surefire test -->
  </suite> <!-- Surefire suite -->
</testng-results>
