<?xml version="1.0" encoding="UTF-8"?>
<testng-results ignored="0" total="1" passed="1" failed="0" skipped="0">
  <reporter-output>
  </reporter-output>
  <suite started-at="2023-03-14T15:42:44 IST" name="Suite" finished-at="2023-03-14T15:42:48 IST" duration-ms="4564">
    <groups>
    </groups>
    <test started-at="2023-03-14T15:42:44 IST" name="Test" finished-at="2023-03-14T15:42:48 IST" duration-ms="4564">
      <class name="com.CMS.TestCases.ServiceModuleTestCases">
        <test-method is-config="true" signature="setup(java.lang.String)[pri:0, instance:com.CMS.TestCases.ServiceModuleTestCases@2034b64c]" started-at="2023-03-14T15:42:44 IST" name="setup" finished-at="2023-03-14T15:42:45 IST" duration-ms="1384" status="PASS">
          <params>
            <param index="0">
              <value is-null="true"/>
            </param>
          </params>
          <reporter-output>
          </reporter-output>
        </test-method> <!-- setup -->
        <test-method is-config="true" signature="beforeRun()[pri:0, instance:com.CMS.TestCases.ServiceModuleTestCases@2034b64c]" started-at="2023-03-14T15:42:45 IST" name="beforeRun" finished-at="2023-03-14T15:42:47 IST" duration-ms="1609" status="PASS">
          <reporter-output>
          </reporter-output>
        </test-method> <!-- beforeRun -->
        <test-method signature="validateChangePasswordFunction()[pri:0, instance:com.CMS.TestCases.ServiceModuleTestCases@2034b64c]" started-at="2023-03-14T15:42:47 IST" name="validateChangePasswordFunction" finished-at="2023-03-14T15:42:48 IST" duration-ms="1357" status="PASS">
          <reporter-output>
          </reporter-output>
        </test-method> <!-- validateChangePasswordFunction -->
        <test-method is-config="true" signature="afterRun()[pri:0, instance:com.CMS.TestCases.ServiceModuleTestCases@2034b64c]" started-at="2023-03-14T15:42:48 IST" name="afterRun" finished-at="2023-03-14T15:42:48 IST" duration-ms="178" status="PASS">
          <reporter-output>
          </reporter-output>
        </test-method> <!-- afterRun -->
      </class> <!-- com.CMS.TestCases.ServiceModuleTestCases -->
    </test> <!-- Test -->
  </suite> <!-- Suite -->
</testng-results>
